build/app/intermediates/manifest_merge_blame_file/debug/processDebugMainManifest/manifest-merger-blame-debug-report.txt
1<?xml version="1.0" encoding="utf-8"?>
2<manifest xmlns:android="http://schemas.android.com/apk/res/android"
3    package="world.snows.anarchist"
4    android:versionCode="1"
5    android:versionName="0.1.0" >
6
7    <uses-sdk
8        android:minSdkVersion="21"
9        android:targetSdkVersion="34" />
10    <!--
11         The INTERNET permission is required for development. Specifically,
12         the Flutter tool needs it to communicate with the running application
13         to allow setting breakpoints, to provide hot reload, etc.
14    -->
15    <uses-permission android:name="android.permission.INTERNET" />
15-->src\debug\AndroidManifest.xml:6:5-66
15-->src\debug\AndroidManifest.xml:6:22-64
16    <!--
17     Required to query activities that can process text, see:
18         https://developer.android.com/training/package-visibility and
19         https://developer.android.com/reference/android/content/Intent#ACTION_PROCESS_TEXT.
20
21         In particular, this is used by the Flutter engine in io.flutter.plugin.text.ProcessTextPlugin.
22    -->
23    <queries>
23-->src\main\AndroidManifest.xml:52:5-57:15
24        <intent>
24-->src\main\AndroidManifest.xml:53:9-56:18
25            <action android:name="android.intent.action.PROCESS_TEXT" />
25-->src\main\AndroidManifest.xml:54:13-73
25-->src\main\AndroidManifest.xml:54:21-70
26
27            <data android:mimeType="text/plain" />
27-->src\main\AndroidManifest.xml:55:13-51
27-->src\main\AndroidManifest.xml:55:19-48
28        </intent>
29    </queries>
30
31    <permission
31-->[androidx.core:core:1.13.1] AndroidManifest.xml:22:5-24:47
32        android:name="world.snows.anarchist.DYNAMIC_RECEIVER_NOT_EXPORTED_PERMISSION"
32-->[androidx.core:core:1.13.1] AndroidManifest.xml:23:9-81
33        android:protectionLevel="signature" />
33-->[androidx.core:core:1.13.1] AndroidManifest.xml:24:9-44
34
35    <uses-permission android:name="world.snows.anarchist.DYNAMIC_RECEIVER_NOT_EXPORTED_PERMISSION" />
35-->[androidx.core:core:1.13.1] AndroidManifest.xml:26:5-97
35-->[androidx.core:core:1.13.1] AndroidManifest.xml:26:22-94
36
37    <application
38        android:name="android.app.Application"
39        android:appComponentFactory="androidx.core.app.CoreComponentFactory"
39-->[androidx.core:core:1.13.1] AndroidManifest.xml:28:18-86
40        android:debuggable="true"
41        android:extractNativeLibs="true"
42        android:icon="@mipmap/ic_launcher"
43        android:label="Anarchist" >
44        <activity
45            android:name="world.snows.anarchist.MainActivity"
46            android:configChanges="orientation|keyboardHidden|keyboard|screenSize|smallestScreenSize|locale|layoutDirection|fontScale|screenLayout|density|uiMode"
47            android:exported="true"
48            android:hardwareAccelerated="true"
49            android:launchMode="singleTop"
50            android:taskAffinity=""
51            android:theme="@style/LaunchTheme"
52            android:windowSoftInputMode="adjustResize" >
53
54            <!--
55                 Specifies an Android theme to apply to this Activity as soon as
56                 the Android process has started. This theme is visible to the user
57                 while the Flutter UI initializes. After that, this theme continues
58                 to determine the Window background behind the Flutter UI.
59            -->
60            <meta-data
61                android:name="io.flutter.embedding.android.NormalTheme"
62                android:resource="@style/NormalTheme" />
63            <meta-data
64                android:name="flutter_deeplinking_enabled"
65                android:value="true" />
66
67            <intent-filter>
68                <action android:name="android.intent.action.MAIN" />
69
70                <category android:name="android.intent.category.LAUNCHER" />
71            </intent-filter>
72            <intent-filter android:autoVerify="true" >
73                <action android:name="android.intent.action.VIEW" />
74
75                <category android:name="android.intent.category.DEFAULT" />
76                <category android:name="android.intent.category.BROWSABLE" />
77
78                <data android:scheme="world.snows.anarchist" />
78-->src\main\AndroidManifest.xml:55:13-51
79                <data android:pathPattern="/redirect?code=.*" />
79-->src\main\AndroidManifest.xml:55:13-51
80            </intent-filter>
81        </activity>
82        <!--
83             Don't delete the meta-data below.
84             This is used by the Flutter tool to generate GeneratedPluginRegistrant.java
85        -->
86        <meta-data
87            android:name="flutterEmbedding"
88            android:value="2" />
89
90        <activity
90-->[:url_launcher_android] AndroidManifest.xml:8:9-11:74
91            android:name="io.flutter.plugins.urllauncher.WebViewActivity"
91-->[:url_launcher_android] AndroidManifest.xml:9:13-74
92            android:exported="false"
92-->[:url_launcher_android] AndroidManifest.xml:10:13-37
93            android:theme="@android:style/Theme.NoTitleBar.Fullscreen" />
93-->[:url_launcher_android] AndroidManifest.xml:11:13-71
94
95        <uses-library
95-->[androidx.window:window:1.2.0] AndroidManifest.xml:23:9-25:40
96            android:name="androidx.window.extensions"
96-->[androidx.window:window:1.2.0] AndroidManifest.xml:24:13-54
97            android:required="false" />
97-->[androidx.window:window:1.2.0] AndroidManifest.xml:25:13-37
98        <uses-library
98-->[androidx.window:window:1.2.0] AndroidManifest.xml:26:9-28:40
99            android:name="androidx.window.sidecar"
99-->[androidx.window:window:1.2.0] AndroidManifest.xml:27:13-51
100            android:required="false" />
100-->[androidx.window:window:1.2.0] AndroidManifest.xml:28:13-37
101
102        <provider
102-->[androidx.lifecycle:lifecycle-process:2.7.0] AndroidManifest.xml:24:9-32:20
103            android:name="androidx.startup.InitializationProvider"
103-->[androidx.lifecycle:lifecycle-process:2.7.0] AndroidManifest.xml:25:13-67
104            android:authorities="world.snows.anarchist.androidx-startup"
104-->[androidx.lifecycle:lifecycle-process:2.7.0] AndroidManifest.xml:26:13-68
105            android:exported="false" >
105-->[androidx.lifecycle:lifecycle-process:2.7.0] AndroidManifest.xml:27:13-37
106            <meta-data
106-->[androidx.lifecycle:lifecycle-process:2.7.0] AndroidManifest.xml:29:13-31:52
107                android:name="androidx.lifecycle.ProcessLifecycleInitializer"
107-->[androidx.lifecycle:lifecycle-process:2.7.0] AndroidManifest.xml:30:17-78
108                android:value="androidx.startup" />
108-->[androidx.lifecycle:lifecycle-process:2.7.0] AndroidManifest.xml:31:17-49
109            <meta-data
109-->[androidx.profileinstaller:profileinstaller:1.3.1] AndroidManifest.xml:29:13-31:52
110                android:name="androidx.profileinstaller.ProfileInstallerInitializer"
110-->[androidx.profileinstaller:profileinstaller:1.3.1] AndroidManifest.xml:30:17-85
111                android:value="androidx.startup" />
111-->[androidx.profileinstaller:profileinstaller:1.3.1] AndroidManifest.xml:31:17-49
112        </provider>
113
114        <receiver
114-->[androidx.profileinstaller:profileinstaller:1.3.1] AndroidManifest.xml:34:9-52:20
115            android:name="androidx.profileinstaller.ProfileInstallReceiver"
115-->[androidx.profileinstaller:profileinstaller:1.3.1] AndroidManifest.xml:35:13-76
116            android:directBootAware="false"
116-->[androidx.profileinstaller:profileinstaller:1.3.1] AndroidManifest.xml:36:13-44
117            android:enabled="true"
117-->[androidx.profileinstaller:profileinstaller:1.3.1] AndroidManifest.xml:37:13-35
118            android:exported="true"
118-->[androidx.profileinstaller:profileinstaller:1.3.1] AndroidManifest.xml:38:13-36
119            android:permission="android.permission.DUMP" >
119-->[androidx.profileinstaller:profileinstaller:1.3.1] AndroidManifest.xml:39:13-57
120            <intent-filter>
120-->[androidx.profileinstaller:profileinstaller:1.3.1] AndroidManifest.xml:40:13-42:29
121                <action android:name="androidx.profileinstaller.action.INSTALL_PROFILE" />
121-->[androidx.profileinstaller:profileinstaller:1.3.1] AndroidManifest.xml:41:17-91
121-->[androidx.profileinstaller:profileinstaller:1.3.1] AndroidManifest.xml:41:25-88
122            </intent-filter>
123            <intent-filter>
123-->[androidx.profileinstaller:profileinstaller:1.3.1] AndroidManifest.xml:43:13-45:29
124                <action android:name="androidx.profileinstaller.action.SKIP_FILE" />
124-->[androidx.profileinstaller:profileinstaller:1.3.1] AndroidManifest.xml:44:17-85
124-->[androidx.profileinstaller:profileinstaller:1.3.1] AndroidManifest.xml:44:25-82
125            </intent-filter>
126            <intent-filter>
126-->[androidx.profileinstaller:profileinstaller:1.3.1] AndroidManifest.xml:46:13-48:29
127                <action android:name="androidx.profileinstaller.action.SAVE_PROFILE" />
127-->[androidx.profileinstaller:profileinstaller:1.3.1] AndroidManifest.xml:47:17-88
127-->[androidx.profileinstaller:profileinstaller:1.3.1] AndroidManifest.xml:47:25-85
128            </intent-filter>
129            <intent-filter>
129-->[androidx.profileinstaller:profileinstaller:1.3.1] AndroidManifest.xml:49:13-51:29
130                <action android:name="androidx.profileinstaller.action.BENCHMARK_OPERATION" />
130-->[androidx.profileinstaller:profileinstaller:1.3.1] AndroidManifest.xml:50:17-95
130-->[androidx.profileinstaller:profileinstaller:1.3.1] AndroidManifest.xml:50:25-92
131            </intent-filter>
132        </receiver>
133    </application>
134
135</manifest>